[debug] [2022-09-01T17:36:58.639Z] ----------------------------------------------------------------------
[debug] [2022-09-01T17:36:58.640Z] Command:       C:\Program Files\nodejs\node.exe C:\Users\ACER\AppData\Roaming\npm\node_modules\firebase-tools\lib\bin\firebase.js init
[debug] [2022-09-01T17:36:58.641Z] CLI Version:   11.8.0
[debug] [2022-09-01T17:36:58.641Z] Platform:      win32
[debug] [2022-09-01T17:36:58.641Z] Node Version:  v18.4.0
[debug] [2022-09-01T17:36:58.660Z] Time:          Fri Sep 02 2022 00:36:58 GMT+0700 (Giờ Đông Dương)
[debug] [2022-09-01T17:36:58.660Z] ----------------------------------------------------------------------
[debug] 
[debug] [2022-09-01T17:36:58.669Z] > command requires scopes: ["email","openid","https://www.googleapis.com/auth/cloudplatformprojects.readonly","https://www.googleapis.com/auth/firebase","https://www.googleapis.com/auth/cloud-platform"]
[debug] [2022-09-01T17:36:58.670Z] > authorizing via signed-in user (6251071028@st.utc2.edu.vn)
[info] 
     ######## #### ########  ######## ########     ###     ######  ########
     ##        ##  ##     ## ##       ##     ##  ##   ##  ##       ##
     ######    ##  ########  ######   ########  #########  ######  ######
     ##        ##  ##    ##  ##       ##     ## ##     ##       ## ##
     ##       #### ##     ## ######## ########  ##     ##  ######  ########

You're about to initialize a Firebase project in this directory:

  C:\Coder\comfi-sloth

Before we get started, keep in mind:

  * You are currently outside your home directory

